# JRE version: OpenJDK Runtime Environment Temurin-11.0.13+8 (11.0.13+8) (build 11.0.13+8)
# Java VM: OpenJDK 64-Bit Server VM Temurin-11.0.13+8 (11.0.13+8, mixed mode, tiered, compressed oops, g1 gc, windows-amd64)
Heap:
 garbage-first heap   total 159744K, used 100016K [0x0000000080000000, 0x0000000100000000)
  region size 1024K, 30 young (30720K), 4 survivors (4096K)
 Metaspace       used 86093K, capacity 88538K, committed 88712K, reserved 593920K
  class space    used 11028K, capacity 12052K, committed 12160K, reserved 516096K
GC Heap History (20 events):
Event: 240.099 GC heap before
{Heap before GC invocations=14 (full 0):
 garbage-first heap   total 159744K, used 60555K [0x0000000080000000, 0x0000000100000000)
  region size 1024K, 23 young (23552K), 7 survivors (7168K)
 Metaspace       used 57576K, capacity 59192K, committed 59472K, reserved 569344K
  class space    used 7437K, capacity 8132K, committed 8192K, reserved 516096K
}
Event: 240.123 GC heap after
{Heap after GC invocations=15 (full 0):
 garbage-first heap   total 159744K, used 44986K [0x0000000080000000, 0x0000000100000000)
  region size 1024K, 1 young (1024K), 1 survivors (1024K)
 Metaspace       used 57576K, capacity 59192K, committed 59472K, reserved 569344K
  class space    used 7437K, capacity 8132K, committed 8192K, reserved 516096K
}
Event: 244.123 GC heap before
{Heap before GC invocations=15 (full 0):
 garbage-first heap   total 159744K, used 58298K [0x0000000080000000, 0x0000000100000000)
  region size 1024K, 15 young (15360K), 1 survivors (1024K)
 Metaspace       used 58461K, capacity 60136K, committed 60296K, reserved 569344K
  class space    used 7553K, capacity 8255K, committed 8320K, reserved 516096K
}
Event: 244.146 GC heap after
{Heap after GC invocations=16 (full 0):
 garbage-first heap   total 159744K, used 45341K [0x0000000080000000, 0x0000000100000000)
  region size 1024K, 2 young (2048K), 2 survivors (2048K)
 Metaspace       used 58461K, capacity 60136K, committed 60296K, reserved 569344K
  class space    used 7553K, capacity 8255K, committed 8320K, reserved 516096K
}
Event: 259.041 GC heap before
{Heap before GC invocations=17 (full 0):
 garbage-first heap   total 159744K, used 83229K [0x0000000080000000, 0x0000000100000000)
  region size 1024K, 39 young (39936K), 2 survivors (2048K)
 Metaspace       used 61511K, capacity 63255K, committed 63624K, reserved 571392K
  class space    used 7989K, capacity 8718K, committed 8832K, reserved 516096K
}
Event: 259.204 GC heap after
{Heap after GC invocations=18 (full 0):
 garbage-first heap   total 159744K, used 46457K [0x0000000080000000, 0x0000000100000000)
  region size 1024K, 3 young (3072K), 3 survivors (3072K)
 Metaspace       used 61511K, capacity 63255K, committed 63624K, reserved 571392K
  class space    used 7989K, capacity 8718K, committed 8832K, reserved 516096K
}
Event: 266.769 GC heap before
{Heap before GC invocations=18 (full 0):
 garbage-first heap   total 159744K, used 81273K [0x0000000080000000, 0x0000000100000000)
  region size 1024K, 37 young (37888K), 3 survivors (3072K)
 Metaspace       used 64157K, capacity 65881K, committed 66184K, reserved 573440K
  class space    used 8309K, capacity 9038K, committed 9088K, reserved 516096K
}
Event: 266.781 GC heap after
{Heap after GC invocations=19 (full 0):
 garbage-first heap   total 159744K, used 47595K [0x0000000080000000, 0x0000000100000000)
  region size 1024K, 4 young (4096K), 4 survivors (4096K)
 Metaspace       used 64157K, capacity 65881K, committed 66184K, reserved 573440K
  class space    used 8309K, capacity 9038K, committed 9088K, reserved 516096K
}
Event: 287.120 GC heap before
{Heap before GC invocations=19 (full 0):
 garbage-first heap   total 159744K, used 94699K [0x0000000080000000, 0x0000000100000000)
  region size 1024K, 50 young (51200K), 4 survivors (4096K)
 Metaspace       used 66816K, capacity 68720K, committed 68872K, reserved 577536K
  class space    used 8651K, capacity 9461K, committed 9472K, reserved 516096K
}
Event: 287.154 GC heap after
{Heap after GC invocations=20 (full 0):
 garbage-first heap   total 159744K, used 50183K [0x0000000080000000, 0x0000000100000000)
  region size 1024K, 7 young (7168K), 7 survivors (7168K)
 Metaspace       used 66816K, capacity 68720K, committed 68872K, reserved 577536K
  class space    used 8651K, capacity 9461K, committed 9472K, reserved 516096K
}
Event: 309.468 GC heap before
{Heap before GC invocations=20 (full 0):
 garbage-first heap   total 159744K, used 108551K [0x0000000080000000, 0x0000000100000000)
  region size 1024K, 64 young (65536K), 7 survivors (7168K)
 Metaspace       used 70589K, capacity 72791K, committed 72840K, reserved 579584K
  class space    used 9202K, capacity 10096K, committed 10112K, reserved 516096K
}
Event: 309.579 GC heap after
{Heap after GC invocations=21 (full 0):
 garbage-first heap   total 159744K, used 54386K [0x0000000080000000, 0x0000000100000000)
  region size 1024K, 8 young (8192K), 8 survivors (8192K)
 Metaspace       used 70589K, capacity 72791K, committed 72840K, reserved 579584K
  class space    used 9202K, capacity 10096K, committed 10112K, reserved 516096K
}
Event: 367.998 GC heap before
{Heap before GC invocations=21 (full 0):
 garbage-first heap   total 159744K, used 114802K [0x0000000080000000, 0x0000000100000000)
  region size 1024K, 68 young (69632K), 8 survivors (8192K)
 Metaspace       used 73172K, capacity 75344K, committed 75528K, reserved 581632K
  class space    used 9494K, capacity 10428K, committed 10496K, reserved 516096K
}
Event: 368.267 GC heap after
{Heap after GC invocations=22 (full 0):
 garbage-first heap   total 159744K, used 57902K [0x0000000080000000, 0x0000000100000000)
  region size 1024K, 8 young (8192K), 8 survivors (8192K)
 Metaspace       used 73172K, capacity 75344K, committed 75528K, reserved 581632K
  class space    used 9494K, capacity 10428K, committed 10496K, reserved 516096K
}
Event: 403.590 GC heap before
{Heap before GC invocations=22 (full 0):
 garbage-first heap   total 159744K, used 116270K [0x0000000080000000, 0x0000000100000000)
  region size 1024K, 63 young (64512K), 8 survivors (8192K)
 Metaspace       used 77874K, capacity 80256K, committed 80392K, reserved 585728K
  class space    used 9987K, capacity 10947K, committed 11008K, reserved 516096K
}
Event: 403.667 GC heap after
{Heap after GC invocations=23 (full 0):
 garbage-first heap   total 159744K, used 65366K [0x0000000080000000, 0x0000000100000000)
  region size 1024K, 8 young (8192K), 8 survivors (8192K)
 Metaspace       used 77874K, capacity 80256K, committed 80392K, reserved 585728K
  class space    used 9987K, capacity 10947K, committed 11008K, reserved 516096K
}
Event: 407.286 GC heap before
{Heap before GC invocations=23 (full 0):
 garbage-first heap   total 159744K, used 128854K [0x0000000080000000, 0x0000000100000000)
  region size 1024K, 64 young (65536K), 8 survivors (8192K)
 Metaspace       used 82594K, capacity 84981K, committed 85128K, reserved 589824K
  class space    used 10540K, capacity 11537K, committed 11648K, reserved 516096K
}
Event: 407.322 GC heap after
{Heap after GC invocations=24 (full 0):
 garbage-first heap   total 159744K, used 70613K [0x0000000080000000, 0x0000000100000000)
  region size 1024K, 7 young (7168K), 7 survivors (7168K)
 Metaspace       used 82594K, capacity 84981K, committed 85128K, reserved 589824K
  class space    used 10540K, capacity 11537K, committed 11648K, reserved 516096K
}
Event: 409.424 GC heap before
{Heap before GC invocations=24 (full 0):
 garbage-first heap   total 159744K, used 124885K [0x0000000080000000, 0x0000000100000000)
  region size 1024K, 59 young (60416K), 7 survivors (7168K)
 Metaspace       used 85947K, capacity 88370K, committed 88584K, reserved 593920K
  class space    used 11017K, capacity 12019K, committed 12032K, reserved 516096K
}
Event: 409.442 GC heap after
{Heap after GC invocations=25 (full 0):
 garbage-first heap   total 159744K, used 74416K [0x0000000080000000, 0x0000000100000000)
  region size 1024K, 4 young (4096K), 4 survivors (4096K)
 Metaspace       used 85947K, capacity 88370K, committed 88584K, reserved 593920K
  class space    used 11017K, capacity 12019K, committed 12032K, reserved 516096K
}

