# JRE version: OpenJDK Runtime Environment Temurin-11.0.13+8 (11.0.13+8) (build 11.0.13+8)
# Java VM: OpenJDK 64-Bit Server VM Temurin-11.0.13+8 (11.0.13+8, mixed mode, tiered, compressed oops, g1 gc, windows-amd64)
Heap:
 garbage-first heap   total 126976K, used 99924K [0x0000000080000000, 0x0000000100000000)
  region size 1024K, 23 young (23552K), 3 survivors (3072K)
 Metaspace       used 93210K, capacity 95879K, committed 96008K, reserved 600064K
  class space    used 12156K, capacity 13250K, committed 13312K, reserved 516096K
GC Heap History (20 events):
Event: 383.056 GC heap before
{Heap before GC invocations=25 (full 0):
 garbage-first heap   total 126976K, used 77681K [0x0000000080000000, 0x0000000100000000)
  region size 1024K, 8 young (8192K), 2 survivors (2048K)
 Metaspace       used 80691K, capacity 83052K, committed 83336K, reserved 589824K
  class space    used 10290K, capacity 11277K, committed 11392K, reserved 516096K
}
Event: 383.063 GC heap after
{Heap after GC invocations=26 (full 0):
 garbage-first heap   total 126976K, used 73918K [0x0000000080000000, 0x0000000100000000)
  region size 1024K, 4 young (4096K), 4 survivors (4096K)
 Metaspace       used 80691K, capacity 83052K, committed 83336K, reserved 589824K
  class space    used 10290K, capacity 11277K, committed 11392K, reserved 516096K
}
Event: 384.449 GC heap before
{Heap before GC invocations=27 (full 0):
 garbage-first heap   total 126976K, used 94398K [0x0000000080000000, 0x0000000100000000)
  region size 1024K, 22 young (22528K), 4 survivors (4096K)
 Metaspace       used 82274K, capacity 84741K, committed 85000K, reserved 589824K
  class space    used 10498K, capacity 11473K, committed 11520K, reserved 516096K
}
Event: 384.459 GC heap after
{Heap after GC invocations=28 (full 0):
 garbage-first heap   total 126976K, used 71480K [0x0000000080000000, 0x0000000100000000)
  region size 1024K, 2 young (2048K), 2 survivors (2048K)
 Metaspace       used 82274K, capacity 84741K, committed 85000K, reserved 589824K
  class space    used 10498K, capacity 11473K, committed 11520K, reserved 516096K
}
Event: 385.938 GC heap before
{Heap before GC invocations=28 (full 0):
 garbage-first heap   total 126976K, used 91960K [0x0000000080000000, 0x0000000100000000)
  region size 1024K, 22 young (22528K), 2 survivors (2048K)
 Metaspace       used 83988K, capacity 86377K, committed 86536K, reserved 591872K
  class space    used 10711K, capacity 11674K, committed 11776K, reserved 516096K
}
Event: 385.957 GC heap after
{Heap after GC invocations=29 (full 0):
 garbage-first heap   total 126976K, used 72121K [0x0000000080000000, 0x0000000100000000)
  region size 1024K, 2 young (2048K), 2 survivors (2048K)
 Metaspace       used 83988K, capacity 86377K, committed 86536K, reserved 591872K
  class space    used 10711K, capacity 11674K, committed 11776K, reserved 516096K
}
Event: 386.355 GC heap before
{Heap before GC invocations=30 (full 0):
 garbage-first heap   total 126976K, used 78265K [0x0000000080000000, 0x0000000100000000)
  region size 1024K, 10 young (10240K), 2 survivors (2048K)
 Metaspace       used 84738K, capacity 87215K, committed 87432K, reserved 591872K
  class space    used 10819K, capacity 11803K, committed 11904K, reserved 516096K
}
Event: 386.368 GC heap after
{Heap after GC invocations=31 (full 0):
 garbage-first heap   total 126976K, used 71913K [0x0000000080000000, 0x0000000100000000)
  region size 1024K, 2 young (2048K), 2 survivors (2048K)
 Metaspace       used 84738K, capacity 87215K, committed 87432K, reserved 591872K
  class space    used 10819K, capacity 11803K, committed 11904K, reserved 516096K
}
Event: 387.459 GC heap before
{Heap before GC invocations=32 (full 0):
 garbage-first heap   total 126976K, used 92393K [0x0000000080000000, 0x0000000100000000)
  region size 1024K, 21 young (21504K), 2 survivors (2048K)
 Metaspace       used 85947K, capacity 88449K, committed 88584K, reserved 593920K
  class space    used 11012K, capacity 12019K, committed 12032K, reserved 516096K
}
Event: 387.470 GC heap after
{Heap after GC invocations=33 (full 0):
 garbage-first heap   total 126976K, used 73393K [0x0000000080000000, 0x0000000100000000)
  region size 1024K, 3 young (3072K), 3 survivors (3072K)
 Metaspace       used 85947K, capacity 88449K, committed 88584K, reserved 593920K
  class space    used 11012K, capacity 12019K, committed 12032K, reserved 516096K
}
Event: 388.100 GC heap before
{Heap before GC invocations=33 (full 0):
 garbage-first heap   total 126976K, used 93873K [0x0000000080000000, 0x0000000100000000)
  region size 1024K, 23 young (23552K), 3 survivors (3072K)
 Metaspace       used 85993K, capacity 88545K, committed 88712K, reserved 593920K
  class space    used 11017K, capacity 12051K, committed 12160K, reserved 516096K
}
Event: 388.126 GC heap after
{Heap after GC invocations=34 (full 0):
 garbage-first heap   total 126976K, used 74719K [0x0000000080000000, 0x0000000100000000)
  region size 1024K, 2 young (2048K), 2 survivors (2048K)
 Metaspace       used 85993K, capacity 88545K, committed 88712K, reserved 593920K
  class space    used 11017K, capacity 12051K, committed 12160K, reserved 516096K
}
Event: 428.850 GC heap before
{Heap before GC invocations=35 (full 0):
 garbage-first heap   total 126976K, used 96223K [0x0000000080000000, 0x0000000100000000)
  region size 1024K, 23 young (23552K), 2 survivors (2048K)
 Metaspace       used 86271K, capacity 88798K, committed 88968K, reserved 593920K
  class space    used 11051K, capacity 12092K, committed 12160K, reserved 516096K
}
Event: 428.948 GC heap after
{Heap after GC invocations=36 (full 0):
 garbage-first heap   total 126976K, used 76464K [0x0000000080000000, 0x0000000100000000)
  region size 1024K, 3 young (3072K), 3 survivors (3072K)
 Metaspace       used 86271K, capacity 88798K, committed 88968K, reserved 593920K
  class space    used 11051K, capacity 12092K, committed 12160K, reserved 516096K
}
Event: 445.617 GC heap before
{Heap before GC invocations=36 (full 0):
 garbage-first heap   total 126976K, used 97968K [0x0000000080000000, 0x0000000100000000)
  region size 1024K, 24 young (24576K), 3 survivors (3072K)
 Metaspace       used 88460K, capacity 90943K, committed 91016K, reserved 595968K
  class space    used 11339K, capacity 12380K, committed 12416K, reserved 516096K
}
Event: 445.700 GC heap after
{Heap after GC invocations=37 (full 0):
 garbage-first heap   total 126976K, used 77604K [0x0000000080000000, 0x0000000100000000)
  region size 1024K, 2 young (2048K), 2 survivors (2048K)
 Metaspace       used 88460K, capacity 90943K, committed 91016K, reserved 595968K
  class space    used 11339K, capacity 12380K, committed 12416K, reserved 516096K
}
Event: 449.753 GC heap before
{Heap before GC invocations=38 (full 0):
 garbage-first heap   total 126976K, used 99108K [0x0000000080000000, 0x0000000100000000)
  region size 1024K, 23 young (23552K), 2 survivors (2048K)
 Metaspace       used 91373K, capacity 93934K, committed 94216K, reserved 598016K
  class space    used 11901K, capacity 12948K, committed 13056K, reserved 516096K
}
Event: 449.762 GC heap after
{Heap after GC invocations=39 (full 0):
 garbage-first heap   total 126976K, used 78666K [0x0000000080000000, 0x0000000100000000)
  region size 1024K, 3 young (3072K), 3 survivors (3072K)
 Metaspace       used 91373K, capacity 93934K, committed 94216K, reserved 598016K
  class space    used 11901K, capacity 12948K, committed 13056K, reserved 516096K
}
Event: 453.437 GC heap before
{Heap before GC invocations=39 (full 0):
 garbage-first heap   total 126976K, used 101194K [0x0000000080000000, 0x0000000100000000)
  region size 1024K, 25 young (25600K), 3 survivors (3072K)
 Metaspace       used 93119K, capacity 95835K, committed 96008K, reserved 600064K
  class space    used 12152K, capacity 13216K, committed 13312K, reserved 516096K
}
Event: 453.476 GC heap after
{Heap after GC invocations=40 (full 0):
 garbage-first heap   total 126976K, used 80468K [0x0000000080000000, 0x0000000100000000)
  region size 1024K, 3 young (3072K), 3 survivors (3072K)
 Metaspace       used 93119K, capacity 95835K, committed 96008K, reserved 600064K
  class space    used 12152K, capacity 13216K, committed 13312K, reserved 516096K
}

