# JRE version: OpenJDK Runtime Environment Temurin-11.0.13+8 (11.0.13+8) (build 11.0.13+8)
# Java VM: OpenJDK 64-Bit Server VM Temurin-11.0.13+8 (11.0.13+8, mixed mode, tiered, compressed oops, g1 gc, windows-amd64)
Heap:
 garbage-first heap   total 126976K, used 39130K [0x0000000080000000, 0x0000000100000000)
  region size 1024K, 9 young (9216K), 1 survivors (1024K)
 Metaspace       used 43144K, capacity 44321K, committed 44496K, reserved 555008K
  class space    used 5444K, capacity 5921K, committed 6016K, reserved 516096K
GC Heap History (20 events):
Event: 2.930 GC heap before
{Heap before GC invocations=0 (full 0):
 garbage-first heap   total 126976K, used 27648K [0x0000000080000000, 0x0000000100000000)
  region size 1024K, 24 young (24576K), 0 survivors (0K)
 Metaspace       used 10082K, capacity 10338K, committed 10624K, reserved 526336K
  class space    used 1030K, capacity 1107K, committed 1152K, reserved 516096K
}
Event: 2.948 GC heap after
{Heap after GC invocations=1 (full 0):
 garbage-first heap   total 126976K, used 10560K [0x0000000080000000, 0x0000000100000000)
  region size 1024K, 3 young (3072K), 3 survivors (3072K)
 Metaspace       used 10082K, capacity 10338K, committed 10624K, reserved 526336K
  class space    used 1030K, capacity 1107K, committed 1152K, reserved 516096K
}
Event: 4.322 GC heap before
{Heap before GC invocations=1 (full 0):
 garbage-first heap   total 126976K, used 33088K [0x0000000080000000, 0x0000000100000000)
  region size 1024K, 25 young (25600K), 3 survivors (3072K)
 Metaspace       used 11219K, capacity 11453K, committed 11520K, reserved 526336K
  class space    used 1148K, capacity 1244K, committed 1280K, reserved 516096K
}
Event: 4.329 GC heap after
{Heap after GC invocations=2 (full 0):
 garbage-first heap   total 126976K, used 11328K [0x0000000080000000, 0x0000000100000000)
  region size 1024K, 1 young (1024K), 1 survivors (1024K)
 Metaspace       used 11219K, capacity 11453K, committed 11520K, reserved 526336K
  class space    used 1148K, capacity 1244K, committed 1280K, reserved 516096K
}
Event: 9.101 GC heap before
{Heap before GC invocations=2 (full 0):
 garbage-first heap   total 126976K, used 63552K [0x0000000080000000, 0x0000000100000000)
  region size 1024K, 52 young (53248K), 1 survivors (1024K)
 Metaspace       used 17214K, capacity 17584K, committed 17792K, reserved 532480K
  class space    used 1958K, capacity 2074K, committed 2176K, reserved 516096K
}
Event: 9.154 GC heap after
{Heap after GC invocations=3 (full 0):
 garbage-first heap   total 126976K, used 17260K [0x0000000080000000, 0x0000000100000000)
  region size 1024K, 7 young (7168K), 7 survivors (7168K)
 Metaspace       used 17214K, capacity 17584K, committed 17792K, reserved 532480K
  class space    used 1958K, capacity 2074K, committed 2176K, reserved 516096K
}
Event: 11.005 GC heap before
{Heap before GC invocations=3 (full 0):
 garbage-first heap   total 126976K, used 42860K [0x0000000080000000, 0x0000000100000000)
  region size 1024K, 33 young (33792K), 7 survivors (7168K)
 Metaspace       used 20813K, capacity 21207K, committed 21296K, reserved 536576K
  class space    used 2484K, capacity 2653K, committed 2688K, reserved 516096K
}
Event: 11.024 GC heap after
{Heap after GC invocations=4 (full 0):
 garbage-first heap   total 126976K, used 18599K [0x0000000080000000, 0x0000000100000000)
  region size 1024K, 2 young (2048K), 2 survivors (2048K)
 Metaspace       used 20813K, capacity 21207K, committed 21296K, reserved 536576K
  class space    used 2484K, capacity 2653K, committed 2688K, reserved 516096K
}
Event: 18.991 GC heap before
{Heap before GC invocations=5 (full 0):
 garbage-first heap   total 126976K, used 73895K [0x0000000080000000, 0x0000000100000000)
  region size 1024K, 56 young (57344K), 2 survivors (2048K)
 Metaspace       used 25787K, capacity 26383K, committed 26544K, reserved 540672K
  class space    used 3285K, capacity 3487K, committed 3584K, reserved 516096K
}
Event: 18.998 GC heap after
{Heap after GC invocations=6 (full 0):
 garbage-first heap   total 126976K, used 20414K [0x0000000080000000, 0x0000000100000000)
  region size 1024K, 4 young (4096K), 4 survivors (4096K)
 Metaspace       used 25787K, capacity 26383K, committed 26544K, reserved 540672K
  class space    used 3285K, capacity 3487K, committed 3584K, reserved 516096K
}
Event: 22.890 GC heap before
{Heap before GC invocations=6 (full 0):
 garbage-first heap   total 126976K, used 82878K [0x0000000080000000, 0x0000000100000000)
  region size 1024K, 65 young (66560K), 4 survivors (4096K)
 Metaspace       used 32228K, capacity 32983K, committed 33200K, reserved 544768K
  class space    used 4239K, capacity 4544K, committed 4608K, reserved 516096K
}
Event: 22.899 GC heap after
{Heap after GC invocations=7 (full 0):
 garbage-first heap   total 126976K, used 22334K [0x0000000080000000, 0x0000000100000000)
  region size 1024K, 5 young (5120K), 5 survivors (5120K)
 Metaspace       used 32228K, capacity 32983K, committed 33200K, reserved 544768K
  class space    used 4239K, capacity 4544K, committed 4608K, reserved 516096K
}
Event: 24.044 GC heap before
{Heap before GC invocations=7 (full 0):
 garbage-first heap   total 126976K, used 31550K [0x0000000080000000, 0x0000000100000000)
  region size 1024K, 15 young (15360K), 5 survivors (5120K)
 Metaspace       used 34963K, capacity 35830K, committed 35920K, reserved 548864K
  class space    used 4458K, capacity 4813K, committed 4864K, reserved 516096K
}
Event: 24.063 GC heap after
{Heap after GC invocations=8 (full 0):
 garbage-first heap   total 126976K, used 23999K [0x0000000080000000, 0x0000000100000000)
  region size 1024K, 7 young (7168K), 7 survivors (7168K)
 Metaspace       used 34963K, capacity 35830K, committed 35920K, reserved 548864K
  class space    used 4458K, capacity 4813K, committed 4864K, reserved 516096K
}
Event: 27.453 GC heap before
{Heap before GC invocations=9 (full 0):
 garbage-first heap   total 126976K, used 75199K [0x0000000080000000, 0x0000000100000000)
  region size 1024K, 54 young (55296K), 7 survivors (7168K)
 Metaspace       used 40689K, capacity 41725K, committed 41936K, reserved 552960K
  class space    used 5101K, capacity 5495K, committed 5504K, reserved 516096K
}
Event: 27.468 GC heap after
{Heap after GC invocations=10 (full 0):
 garbage-first heap   total 126976K, used 28120K [0x0000000080000000, 0x0000000100000000)
  region size 1024K, 7 young (7168K), 7 survivors (7168K)
 Metaspace       used 40689K, capacity 41725K, committed 41936K, reserved 552960K
  class space    used 5101K, capacity 5495K, committed 5504K, reserved 516096K
}
Event: 78.030 GC heap before
{Heap before GC invocations=10 (full 0):
 garbage-first heap   total 126976K, used 78296K [0x0000000080000000, 0x0000000100000000)
  region size 1024K, 56 young (57344K), 7 survivors (7168K)
 Metaspace       used 42935K, capacity 44123K, committed 44240K, reserved 555008K
  class space    used 5432K, capacity 5919K, committed 6016K, reserved 516096K
}
Event: 79.926 GC heap after
{Heap after GC invocations=11 (full 0):
 garbage-first heap   total 126976K, used 31241K [0x0000000080000000, 0x0000000100000000)
  region size 1024K, 7 young (7168K), 7 survivors (7168K)
 Metaspace       used 42935K, capacity 44123K, committed 44240K, reserved 555008K
  class space    used 5432K, capacity 5919K, committed 6016K, reserved 516096K
}
Event: 80.169 GC heap before
{Heap before GC invocations=11 (full 0):
 garbage-first heap   total 126976K, used 32265K [0x0000000080000000, 0x0000000100000000)
  region size 1024K, 8 young (8192K), 7 survivors (7168K)
 Metaspace       used 42938K, capacity 44123K, committed 44240K, reserved 555008K
  class space    used 5432K, capacity 5919K, committed 6016K, reserved 516096K
}
Event: 80.237 GC heap after
{Heap after GC invocations=12 (full 0):
 garbage-first heap   total 126976K, used 31962K [0x0000000080000000, 0x0000000100000000)
  region size 1024K, 1 young (1024K), 1 survivors (1024K)
 Metaspace       used 42938K, capacity 44123K, committed 44240K, reserved 555008K
  class space    used 5432K, capacity 5919K, committed 6016K, reserved 516096K
}

