# JRE version: OpenJDK Runtime Environment Temurin-11.0.13+8 (11.0.13+8) (build 11.0.13+8)
# Java VM: OpenJDK 64-Bit Server VM Temurin-11.0.13+8 (11.0.13+8, mixed mode, tiered, compressed oops, g1 gc, windows-amd64)
Heap:
 garbage-first heap   total 126976K, used 26293K [0x0000000080000000, 0x0000000100000000)
  region size 1024K, 10 young (10240K), 5 survivors (5120K)
 Metaspace       used 32563K, capacity 33358K, committed 33456K, reserved 546816K
  class space    used 4292K, capacity 4584K, committed 4608K, reserved 516096K
GC Heap History (12 events):
Event: 2.134 GC heap before
{Heap before GC invocations=0 (full 0):
 garbage-first heap   total 126976K, used 27648K [0x0000000080000000, 0x0000000100000000)
  region size 1024K, 24 young (24576K), 0 survivors (0K)
 Metaspace       used 10129K, capacity 10338K, committed 10624K, reserved 526336K
  class space    used 1031K, capacity 1107K, committed 1152K, reserved 516096K
}
Event: 2.149 GC heap after
{Heap after GC invocations=1 (full 0):
 garbage-first heap   total 126976K, used 10563K [0x0000000080000000, 0x0000000100000000)
  region size 1024K, 3 young (3072K), 3 survivors (3072K)
 Metaspace       used 10129K, capacity 10338K, committed 10624K, reserved 526336K
  class space    used 1031K, capacity 1107K, committed 1152K, reserved 516096K
}
Event: 3.950 GC heap before
{Heap before GC invocations=1 (full 0):
 garbage-first heap   total 126976K, used 33091K [0x0000000080000000, 0x0000000100000000)
  region size 1024K, 25 young (25600K), 3 survivors (3072K)
 Metaspace       used 11220K, capacity 11453K, committed 11520K, reserved 526336K
  class space    used 1148K, capacity 1244K, committed 1280K, reserved 516096K
}
Event: 3.954 GC heap after
{Heap after GC invocations=2 (full 0):
 garbage-first heap   total 126976K, used 11183K [0x0000000080000000, 0x0000000100000000)
  region size 1024K, 1 young (1024K), 1 survivors (1024K)
 Metaspace       used 11220K, capacity 11453K, committed 11520K, reserved 526336K
  class space    used 1148K, capacity 1244K, committed 1280K, reserved 516096K
}
Event: 11.194 GC heap before
{Heap before GC invocations=2 (full 0):
 garbage-first heap   total 126976K, used 63407K [0x0000000080000000, 0x0000000100000000)
  region size 1024K, 51 young (52224K), 1 survivors (1024K)
 Metaspace       used 17218K, capacity 17584K, committed 17792K, reserved 532480K
  class space    used 1957K, capacity 2074K, committed 2176K, reserved 516096K
}
Event: 11.243 GC heap after
{Heap after GC invocations=3 (full 0):
 garbage-first heap   total 126976K, used 17291K [0x0000000080000000, 0x0000000100000000)
  region size 1024K, 7 young (7168K), 7 survivors (7168K)
 Metaspace       used 17218K, capacity 17584K, committed 17792K, reserved 532480K
  class space    used 1957K, capacity 2074K, committed 2176K, reserved 516096K
}
Event: 12.208 GC heap before
{Heap before GC invocations=3 (full 0):
 garbage-first heap   total 126976K, used 42891K [0x0000000080000000, 0x0000000100000000)
  region size 1024K, 33 young (33792K), 7 survivors (7168K)
 Metaspace       used 20819K, capacity 21210K, committed 21296K, reserved 536576K
  class space    used 2486K, capacity 2654K, committed 2688K, reserved 516096K
}
Event: 12.220 GC heap after
{Heap after GC invocations=4 (full 0):
 garbage-first heap   total 126976K, used 18622K [0x0000000080000000, 0x0000000100000000)
  region size 1024K, 2 young (2048K), 2 survivors (2048K)
 Metaspace       used 20819K, capacity 21210K, committed 21296K, reserved 536576K
  class space    used 2486K, capacity 2654K, committed 2688K, reserved 516096K
}
Event: 15.152 GC heap before
{Heap before GC invocations=5 (full 0):
 garbage-first heap   total 126976K, used 71870K [0x0000000080000000, 0x0000000100000000)
  region size 1024K, 54 young (55296K), 2 survivors (2048K)
 Metaspace       used 25791K, capacity 26385K, committed 26544K, reserved 540672K
  class space    used 3282K, capacity 3488K, committed 3584K, reserved 516096K
}
Event: 15.160 GC heap after
{Heap after GC invocations=6 (full 0):
 garbage-first heap   total 126976K, used 20424K [0x0000000080000000, 0x0000000100000000)
  region size 1024K, 4 young (4096K), 4 survivors (4096K)
 Metaspace       used 25791K, capacity 26385K, committed 26544K, reserved 540672K
  class space    used 3282K, capacity 3488K, committed 3584K, reserved 516096K
}
Event: 24.968 GC heap before
{Heap before GC invocations=6 (full 0):
 garbage-first heap   total 126976K, used 79816K [0x0000000080000000, 0x0000000100000000)
  region size 1024K, 62 young (63488K), 4 survivors (4096K)
 Metaspace       used 31638K, capacity 32411K, committed 32560K, reserved 544768K
  class space    used 4170K, capacity 4480K, committed 4480K, reserved 516096K
}
Event: 24.984 GC heap after
{Heap after GC invocations=7 (full 0):
 garbage-first heap   total 126976K, used 22197K [0x0000000080000000, 0x0000000100000000)
  region size 1024K, 5 young (5120K), 5 survivors (5120K)
 Metaspace       used 31638K, capacity 32411K, committed 32560K, reserved 544768K
  class space    used 4170K, capacity 4480K, committed 4480K, reserved 516096K
}

